e:\vgd\ty\portfolio\consolerpg\consolerpg\debug\vc142.pdb
e:\vgd\ty\portfolio\consolerpg\consolerpg\debug\vc142.idb
e:\vgd\ty\portfolio\consolerpg\consolerpg\debug\weapon.obj
e:\vgd\ty\portfolio\consolerpg\consolerpg\debug\travel.obj
e:\vgd\ty\portfolio\consolerpg\consolerpg\debug\monster.obj
e:\vgd\ty\portfolio\consolerpg\consolerpg\debug\main.obj
e:\vgd\ty\portfolio\consolerpg\consolerpg\debug\item.obj
e:\vgd\ty\portfolio\consolerpg\consolerpg\debug\inventory.obj
e:\vgd\ty\portfolio\consolerpg\consolerpg\debug\game.obj
e:\vgd\ty\portfolio\consolerpg\consolerpg\debug\character.obj
e:\vgd\ty\portfolio\consolerpg\consolerpg\debug\battle.obj
e:\vgd\ty\portfolio\consolerpg\consolerpg\debug\armor.obj
e:\vgd\ty\portfolio\consolerpg\debug\consolerpg.exe
e:\vgd\ty\portfolio\consolerpg\consolerpg\debug\consolerpg.ilk
e:\vgd\ty\portfolio\consolerpg\debug\consolerpg.pdb
e:\vgd\ty\portfolio\consolerpg\consolerpg\debug\consolerpg.tlog\cl.command.1.tlog
e:\vgd\ty\portfolio\consolerpg\consolerpg\debug\consolerpg.tlog\cl.read.1.tlog
e:\vgd\ty\portfolio\consolerpg\consolerpg\debug\consolerpg.tlog\cl.write.1.tlog
e:\vgd\ty\portfolio\consolerpg\consolerpg\debug\consolerpg.tlog\link.command.1.tlog
e:\vgd\ty\portfolio\consolerpg\consolerpg\debug\consolerpg.tlog\link.read.1.tlog
e:\vgd\ty\portfolio\consolerpg\consolerpg\debug\consolerpg.tlog\link.write.1.tlog
